     1                                 %line 1+1 firstProgram.asm
     2                                 
     3                                 
     4                                 
     5                                 
     6                                 
     7                                 [section .data]
     8                                 
     9                                 
    10                                 EXIT_SUCCESS equ 0
    11                                 SYS_exit equ 60
    12                                 
    13                                 
    14 00000000 11                     bVar1 db 17
    15 00000001 09                     bVar2 db 9
    16 00000002 00                     bResult db 0
    17                                 
    18                                 
    19 00000003 6842                   wVar1 dw 17000
    20 00000005 2823                   wVar2 dw 9000
    21 00000007 0000                   wResult dw 0
    22                                 
    23                                 
    24 00000009 40660301               dVar1 dd 17000000
    25 0000000D 40548900               dVar2 dd 9000000
    26 00000011 00000000               dResult dd 0
    27                                 
    28                                 
    29 00000015 80FE210A00000000       qVar1 dq 170000000
    30 0000001D 804A5D0500000000       qVar2 dq 90000000
    31 00000025 0000000000000000       qResult dq 0
    32                                 
    33                                 
    34                                 [section .text]
    35                                 [global _start]
    36                                 _start:
    37                                 
    38                                 
    39                                 
    40                                 
    41                                 
    42 00000000 8A0425[00000000]       mov al, byte [bVar1]
    43 00000007 020425[00000000]       add al, byte [bVar2]
    44 0000000E 880425[00000000]       mov byte [bResult], al
    45                                 
    46                                 
    47                                 
    48 00000015 668B0425[00000000]     mov ax, word [wVar1]
    49 0000001D 66030425[00000000]     add ax, word [wVar2]
    50 00000025 66890425[00000000]     mov word [wResult], ax
    51                                 
    52                                 
    53                                 
    54 0000002D 8B0425[00000000]       mov eax, dword [dVar1]
    55 00000034 030425[00000000]       add eax, dword [dVar2]
    56 0000003B 890425[00000000]       mov dword [dResult], eax
    57                                 
    58                                 
    59                                 
    60                                 
    61 00000042 488B0425[00000000]      mov rax, qword [qVar1]
    62 0000004A 48030425[00000000]      add rax, qword [qVar2]
    63 00000052 48890425[00000000]      mov qword [qResult], rax
    64                                 
    65                                 
    66                                 
    67                                 
    68                                 last:
    69 0000005A 48C7C03C000000          mov rax, SYS_exit
    70 00000061 48C7C700000000          mov rdi, EXIT_SUCCESS
    71 00000068 0F05                    syscall
